  [1m[35m (3.7ms)[0m  [1m[34mSELECT sqlite_version(*)[0m
  [1m[35m (148.4ms)[0m  [1m[35mCREATE TABLE "schema_migrations" ("version" varchar NOT NULL PRIMARY KEY)[0m
  [1m[35m (137.2ms)[0m  [1m[35mCREATE TABLE "ar_internal_metadata" ("key" varchar NOT NULL PRIMARY KEY, "value" varchar, "created_at" datetime(6) NOT NULL, "updated_at" datetime(6) NOT NULL)[0m
  [1m[35m (0.3ms)[0m  [1m[34mSELECT "schema_migrations"."version" FROM "schema_migrations" ORDER BY "schema_migrations"."version" ASC[0m
Migrating to CreateArticles (20200425202634)
  [1m[35m (0.2ms)[0m  [1m[36mbegin transaction[0m
  [1m[35m (0.4ms)[0m  [1m[35mCREATE TABLE "articles" ("id" integer PRIMARY KEY AUTOINCREMENT NOT NULL, "title" varchar, "text" text, "created_at" datetime(6) NOT NULL, "updated_at" datetime(6) NOT NULL)[0m
  [1m[36mprimary::SchemaMigration Create (0.2ms)[0m  [1m[32mINSERT INTO "schema_migrations" ("version") VALUES (?)[0m  [["version", "20200425202634"]]
  [1m[35m (97.6ms)[0m  [1m[36mcommit transaction[0m
Migrating to CreateComments (20200425205137)
  [1m[35m (0.2ms)[0m  [1m[36mbegin transaction[0m
  [1m[35m (0.4ms)[0m  [1m[35mCREATE TABLE "comments" ("id" integer PRIMARY KEY AUTOINCREMENT NOT NULL, "commenter" varchar, "body" text, "article_id" integer NOT NULL, "created_at" datetime(6) NOT NULL, "updated_at" datetime(6) NOT NULL, CONSTRAINT "fk_rails_3bf61a60d3"
FOREIGN KEY ("article_id")
  REFERENCES "articles" ("id")
)[0m
  [1m[35m (0.2ms)[0m  [1m[35mCREATE  INDEX "index_comments_on_article_id" ON "comments" ("article_id")[0m
  [1m[36mprimary::SchemaMigration Create (0.2ms)[0m  [1m[32mINSERT INTO "schema_migrations" ("version") VALUES (?)[0m  [["version", "20200425205137"]]
  [1m[35m (82.7ms)[0m  [1m[36mcommit transaction[0m
  [1m[36mActiveRecord::InternalMetadata Load (0.2ms)[0m  [1m[34mSELECT "ar_internal_metadata".* FROM "ar_internal_metadata" WHERE "ar_internal_metadata"."key" = ? LIMIT ?[0m  [["key", "environment"], ["LIMIT", 1]]
  [1m[35m (0.1ms)[0m  [1m[36mbegin transaction[0m
  [1m[36mActiveRecord::InternalMetadata Create (0.3ms)[0m  [1m[32mINSERT INTO "ar_internal_metadata" ("key", "value", "created_at", "updated_at") VALUES (?, ?, ?, ?)[0m  [["key", "environment"], ["value", "development"], ["created_at", "2020-04-26 17:47:26.132774"], ["updated_at", "2020-04-26 17:47:26.132774"]]
  [1m[35m (75.8ms)[0m  [1m[36mcommit transaction[0m
  [1m[35m (0.2ms)[0m  [1m[34mSELECT sqlite_version(*)[0m
  [1m[35m (0.3ms)[0m  [1m[34mSELECT "schema_migrations"."version" FROM "schema_migrations" ORDER BY "schema_migrations"."version" ASC[0m
Started GET "/" for 127.0.0.1 at 2020-04-26 19:48:21 +0200
  [1m[35m (0.8ms)[0m  [1m[34mSELECT sqlite_version(*)[0m
  [1m[35m (1.5ms)[0m  [1m[34mSELECT "schema_migrations"."version" FROM "schema_migrations" ORDER BY "schema_migrations"."version" ASC[0m
Processing by WelcomeController#index as HTML
  Rendering welcome/index.html.erb within layouts/application
  Rendered welcome/index.html.erb within layouts/application (Duration: 9.8ms | Allocations: 854)
[Webpacker] Compiling...
[Webpacker] Compiled all packs in /home/heba/Downloads/Ruby_Course-master/public/packs
[Webpacker] Hash: 32e57f147dbdcbbf0c82
Version: webpack 4.43.0
Time: 3064ms
Built at: 04/26/2020 7:48:27 PM
                                     Asset       Size       Chunks                         Chunk Names
    js/application-bbe9c4a129ab949e0636.js    124 KiB  application  [emitted] [immutable]  application
js/application-bbe9c4a129ab949e0636.js.map    139 KiB  application  [emitted] [dev]        application
                             manifest.json  364 bytes               [emitted]              
Entrypoint application = js/application-bbe9c4a129ab949e0636.js js/application-bbe9c4a129ab949e0636.js.map
[./app/javascript/channels sync recursive _channel\.js$] ./app/javascript/channels sync _channel\.js$ 160 bytes {application} [built]
[./app/javascript/channels/index.js] 211 bytes {application} [built]
[./app/javascript/packs/application.js] 749 bytes {application} [built]
[./node_modules/webpack/buildin/module.js] (webpack)/buildin/module.js 552 bytes {application} [built]
    + 3 hidden modules

Completed 200 OK in 5393ms (Views: 5367.1ms | ActiveRecord: 0.0ms | Allocations: 25190)


Started GET "/articles" for 127.0.0.1 at 2020-04-26 19:48:30 +0200
Processing by ArticlesController#index as HTML
  Rendering articles/index.html.erb within layouts/application
  [1m[36mArticle Load (0.3ms)[0m  [1m[34mSELECT "articles".* FROM "articles"[0m
  ↳ app/views/articles/index.html.erb:10
  Rendered articles/index.html.erb within layouts/application (Duration: 4.7ms | Allocations: 1234)
[Webpacker] Everything's up-to-date. Nothing to do
Completed 200 OK in 241ms (Views: 12.2ms | ActiveRecord: 0.7ms | Allocations: 6729)


Started GET "/articles/new" for 127.0.0.1 at 2020-04-26 19:48:32 +0200
Processing by ArticlesController#new as HTML
Filter chain halted as #<Proc:0x00007f3818018568 /home/heba/.rbenv/versions/2.7.1/lib/ruby/gems/2.7.0/gems/actionpack-6.0.2.2/lib/action_controller/metal/http_authentication.rb:73> rendered or redirected
Completed 401 Unauthorized in 1ms (ActiveRecord: 0.0ms | Allocations: 263)


Started GET "/articles" for 127.0.0.1 at 2020-04-26 19:48:38 +0200
Processing by ArticlesController#index as HTML
  Rendering articles/index.html.erb within layouts/application
  [1m[36mArticle Load (0.2ms)[0m  [1m[34mSELECT "articles".* FROM "articles"[0m
  ↳ app/views/articles/index.html.erb:10
  Rendered articles/index.html.erb within layouts/application (Duration: 3.1ms | Allocations: 590)
[Webpacker] Everything's up-to-date. Nothing to do
Completed 200 OK in 15ms (Views: 13.6ms | ActiveRecord: 0.2ms | Allocations: 3995)


Started GET "/articles/new" for 127.0.0.1 at 2020-04-26 19:48:40 +0200
Processing by ArticlesController#new as HTML
Filter chain halted as #<Proc:0x00007f3818018568 /home/heba/.rbenv/versions/2.7.1/lib/ruby/gems/2.7.0/gems/actionpack-6.0.2.2/lib/action_controller/metal/http_authentication.rb:73> rendered or redirected
Completed 401 Unauthorized in 1ms (ActiveRecord: 0.0ms | Allocations: 255)


Started GET "/articles" for 127.0.0.1 at 2020-04-26 19:48:45 +0200
Processing by ArticlesController#index as HTML
  Rendering articles/index.html.erb within layouts/application
  [1m[36mArticle Load (0.2ms)[0m  [1m[34mSELECT "articles".* FROM "articles"[0m
  ↳ app/views/articles/index.html.erb:10
  Rendered articles/index.html.erb within layouts/application (Duration: 2.3ms | Allocations: 581)
[Webpacker] Everything's up-to-date. Nothing to do
Completed 200 OK in 14ms (Views: 12.1ms | ActiveRecord: 0.2ms | Allocations: 3982)


Started GET "/" for 127.0.0.1 at 2020-04-26 19:48:46 +0200
Processing by WelcomeController#index as HTML
  Rendering welcome/index.html.erb within layouts/application
  Rendered welcome/index.html.erb within layouts/application (Duration: 0.6ms | Allocations: 114)
[Webpacker] Everything's up-to-date. Nothing to do
Completed 200 OK in 9ms (Views: 7.8ms | ActiveRecord: 0.0ms | Allocations: 3501)


Started GET "/articles/new" for 127.0.0.1 at 2020-04-26 19:48:47 +0200
Processing by ArticlesController#new as HTML
Filter chain halted as #<Proc:0x00007f3818018568 /home/heba/.rbenv/versions/2.7.1/lib/ruby/gems/2.7.0/gems/actionpack-6.0.2.2/lib/action_controller/metal/http_authentication.rb:73> rendered or redirected
Completed 401 Unauthorized in 1ms (ActiveRecord: 0.0ms | Allocations: 249)


Started GET "/" for 127.0.0.1 at 2020-04-26 19:48:49 +0200
Processing by WelcomeController#index as HTML
  Rendering welcome/index.html.erb within layouts/application
  Rendered welcome/index.html.erb within layouts/application (Duration: 0.9ms | Allocations: 107)
[Webpacker] Everything's up-to-date. Nothing to do
Completed 200 OK in 13ms (Views: 11.4ms | ActiveRecord: 0.0ms | Allocations: 3496)


Started GET "/articles" for 127.0.0.1 at 2020-04-26 19:50:41 +0200
Processing by ArticlesController#index as HTML
  Rendering articles/index.html.erb within layouts/application
  [1m[36mArticle Load (0.3ms)[0m  [1m[34mSELECT "articles".* FROM "articles"[0m
  ↳ app/views/articles/index.html.erb:10
  Rendered articles/index.html.erb within layouts/application (Duration: 3.7ms | Allocations: 581)
[Webpacker] Everything's up-to-date. Nothing to do
Completed 200 OK in 15ms (Views: 12.5ms | ActiveRecord: 0.3ms | Allocations: 3972)


Started GET "/articles/new" for 127.0.0.1 at 2020-04-26 19:50:43 +0200
Processing by ArticlesController#new as HTML
Filter chain halted as #<Proc:0x00007f3818018568 /home/heba/.rbenv/versions/2.7.1/lib/ruby/gems/2.7.0/gems/actionpack-6.0.2.2/lib/action_controller/metal/http_authentication.rb:73> rendered or redirected
Completed 401 Unauthorized in 1ms (ActiveRecord: 0.0ms | Allocations: 259)


Started GET "/articles" for 127.0.0.1 at 2020-04-26 19:50:48 +0200
Processing by ArticlesController#index as HTML
  Rendering articles/index.html.erb within layouts/application
  [1m[36mArticle Load (0.2ms)[0m  [1m[34mSELECT "articles".* FROM "articles"[0m
  ↳ app/views/articles/index.html.erb:10
  Rendered articles/index.html.erb within layouts/application (Duration: 2.1ms | Allocations: 590)
[Webpacker] Everything's up-to-date. Nothing to do
Completed 200 OK in 13ms (Views: 11.4ms | ActiveRecord: 0.2ms | Allocations: 3998)


Started GET "/" for 127.0.0.1 at 2020-04-26 20:04:35 +0200
  [1m[35m (0.9ms)[0m  [1m[34mSELECT sqlite_version(*)[0m
  [1m[35m (0.2ms)[0m  [1m[34mSELECT "schema_migrations"."version" FROM "schema_migrations" ORDER BY "schema_migrations"."version" ASC[0m
Processing by WelcomeController#index as HTML
  Rendering welcome/index.html.erb within layouts/application
  Rendered welcome/index.html.erb within layouts/application (Duration: 9.4ms | Allocations: 742)
[Webpacker] Everything's up-to-date. Nothing to do
Completed 200 OK in 375ms (Views: 102.7ms | ActiveRecord: 0.0ms | Allocations: 8222)


Started GET "/articles" for 127.0.0.1 at 2020-04-26 20:05:12 +0200
Processing by ArticlesController#index as HTML
  Rendering articles/index.html.erb within layouts/application
  [1m[36mArticle Load (0.2ms)[0m  [1m[34mSELECT "articles".* FROM "articles"[0m
  ↳ app/views/articles/index.html.erb:10
  Rendered articles/index.html.erb within layouts/application (Duration: 4.5ms | Allocations: 1234)
[Webpacker] Everything's up-to-date. Nothing to do
Completed 200 OK in 31ms (Views: 13.4ms | ActiveRecord: 0.6ms | Allocations: 6414)


Started GET "/articles/new" for 127.0.0.1 at 2020-04-26 20:05:13 +0200
Processing by ArticlesController#new as HTML
Filter chain halted as #<Proc:0x000055d9248ce120 /home/heba/.rbenv/versions/2.7.1/lib/ruby/gems/2.7.0/gems/actionpack-6.0.2.2/lib/action_controller/metal/http_authentication.rb:73> rendered or redirected
Completed 401 Unauthorized in 1ms (ActiveRecord: 0.0ms | Allocations: 257)


Started GET "/articles/new" for 127.0.0.1 at 2020-04-26 20:05:21 +0200
Processing by ArticlesController#new as HTML
  Rendering articles/new.html.erb within layouts/application
  Rendered articles/_form.html.erb (Duration: 142.5ms | Allocations: 4353)
  Rendered articles/new.html.erb within layouts/application (Duration: 144.5ms | Allocations: 4684)
[Webpacker] Everything's up-to-date. Nothing to do
Completed 200 OK in 173ms (Views: 155.8ms | ActiveRecord: 0.9ms | Allocations: 10755)


Started POST "/articles" for 127.0.0.1 at 2020-04-26 20:05:27 +0200
Processing by ArticlesController#create as HTML
  Parameters: {"authenticity_token"=>"HBPrpOZn2satFN7roCSe5dpYGR6wjTp4mTELY7QC026+Oar4JG5Rk9DBgdFl3Le4ayelXTD07Fs0EZe0IZGMrA==", "article"=>{"title"=>"", "text"=>""}, "commit"=>"Create Article"}
Filter chain halted as #<Proc:0x000055d9248ce120 /home/heba/.rbenv/versions/2.7.1/lib/ruby/gems/2.7.0/gems/actionpack-6.0.2.2/lib/action_controller/metal/http_authentication.rb:73> rendered or redirected
Completed 401 Unauthorized in 2ms (ActiveRecord: 0.0ms | Allocations: 342)


Started POST "/articles" for 127.0.0.1 at 2020-04-26 20:05:27 +0200
Processing by ArticlesController#create as HTML
  Parameters: {"authenticity_token"=>"HBPrpOZn2satFN7roCSe5dpYGR6wjTp4mTELY7QC026+Oar4JG5Rk9DBgdFl3Le4ayelXTD07Fs0EZe0IZGMrA==", "article"=>{"title"=>"", "text"=>""}, "commit"=>"Create Article"}
  Rendering articles/new.html.erb within layouts/application
  Rendered articles/_form.html.erb (Duration: 3.4ms | Allocations: 969)
  Rendered articles/new.html.erb within layouts/application (Duration: 4.0ms | Allocations: 1050)
[Webpacker] Everything's up-to-date. Nothing to do
Completed 200 OK in 15ms (Views: 11.1ms | ActiveRecord: 0.0ms | Allocations: 5809)


Started GET "/articles" for 127.0.0.1 at 2020-04-26 20:05:30 +0200
Processing by ArticlesController#index as HTML
  Rendering articles/index.html.erb within layouts/application
  [1m[36mArticle Load (0.3ms)[0m  [1m[34mSELECT "articles".* FROM "articles"[0m
  ↳ app/views/articles/index.html.erb:10
  Rendered articles/index.html.erb within layouts/application (Duration: 4.0ms | Allocations: 582)
[Webpacker] Everything's up-to-date. Nothing to do
Completed 200 OK in 18ms (Views: 16.4ms | ActiveRecord: 0.3ms | Allocations: 3981)


Started GET "/articles/new" for 127.0.0.1 at 2020-04-26 20:05:32 +0200
Processing by ArticlesController#new as HTML
  Rendering articles/new.html.erb within layouts/application
  Rendered articles/_form.html.erb (Duration: 2.6ms | Allocations: 679)
  Rendered articles/new.html.erb within layouts/application (Duration: 3.4ms | Allocations: 759)
[Webpacker] Everything's up-to-date. Nothing to do
Completed 200 OK in 13ms (Views: 12.0ms | ActiveRecord: 0.0ms | Allocations: 4207)


Started GET "/articles" for 127.0.0.1 at 2020-04-26 20:05:34 +0200
Processing by ArticlesController#index as HTML
  Rendering articles/index.html.erb within layouts/application
  [1m[36mArticle Load (0.3ms)[0m  [1m[34mSELECT "articles".* FROM "articles"[0m
  ↳ app/views/articles/index.html.erb:10
  Rendered articles/index.html.erb within layouts/application (Duration: 3.1ms | Allocations: 590)
[Webpacker] Everything's up-to-date. Nothing to do
Completed 200 OK in 19ms (Views: 17.0ms | ActiveRecord: 0.3ms | Allocations: 3994)


Started GET "/articles" for 127.0.0.1 at 2020-04-26 20:05:40 +0200
Processing by ArticlesController#index as HTML
  Rendering articles/index.html.erb within layouts/application
  [1m[36mArticle Load (0.3ms)[0m  [1m[34mSELECT "articles".* FROM "articles"[0m
  ↳ app/views/articles/index.html.erb:10
  Rendered articles/index.html.erb within layouts/application (Duration: 3.3ms | Allocations: 582)
[Webpacker] Everything's up-to-date. Nothing to do
Completed 200 OK in 15ms (Views: 12.9ms | ActiveRecord: 0.3ms | Allocations: 3974)


Started GET "/articles/new" for 127.0.0.1 at 2020-04-26 20:05:45 +0200
Processing by ArticlesController#new as HTML
  Rendering articles/new.html.erb within layouts/application
  Rendered articles/_form.html.erb (Duration: 3.5ms | Allocations: 679)
  Rendered articles/new.html.erb within layouts/application (Duration: 4.2ms | Allocations: 759)
[Webpacker] Everything's up-to-date. Nothing to do
Completed 200 OK in 19ms (Views: 17.1ms | ActiveRecord: 0.0ms | Allocations: 4187)


Started GET "/" for 127.0.0.1 at 2020-04-26 20:05:53 +0200
Processing by WelcomeController#index as HTML
  Rendering welcome/index.html.erb within layouts/application
  Rendered welcome/index.html.erb within layouts/application (Duration: 0.6ms | Allocations: 115)
[Webpacker] Everything's up-to-date. Nothing to do
Completed 200 OK in 16ms (Views: 14.1ms | ActiveRecord: 0.0ms | Allocations: 3505)


Started GET "/articles" for 127.0.0.1 at 2020-04-26 20:05:55 +0200
Processing by ArticlesController#index as HTML
  Rendering articles/index.html.erb within layouts/application
  [1m[36mArticle Load (0.1ms)[0m  [1m[34mSELECT "articles".* FROM "articles"[0m
  ↳ app/views/articles/index.html.erb:10
  Rendered articles/index.html.erb within layouts/application (Duration: 1.6ms | Allocations: 581)
[Webpacker] Everything's up-to-date. Nothing to do
Completed 200 OK in 12ms (Views: 11.2ms | ActiveRecord: 0.1ms | Allocations: 3984)


Started GET "/articles/new" for 127.0.0.1 at 2020-04-26 20:05:56 +0200
Processing by ArticlesController#new as HTML
  Rendering articles/new.html.erb within layouts/application
  Rendered articles/_form.html.erb (Duration: 6.9ms | Allocations: 679)
  Rendered articles/new.html.erb within layouts/application (Duration: 7.4ms | Allocations: 759)
[Webpacker] Everything's up-to-date. Nothing to do
Completed 200 OK in 17ms (Views: 15.2ms | ActiveRecord: 0.0ms | Allocations: 4197)


Started POST "/articles" for 127.0.0.1 at 2020-04-26 20:06:15 +0200
Processing by ArticlesController#create as HTML
  Parameters: {"authenticity_token"=>"LixZAbRI/xmCbBgchkgEFpNNug9tUjIii143APvdAzSMBhhddkF0TP+5RyZDsC1LIjIGTO0r5AEmfqvXbk5c9g==", "article"=>{"title"=>"first", "text"=>"first artical"}, "commit"=>"Create Article"}
  [1m[35m (0.1ms)[0m  [1m[36mbegin transaction[0m
  ↳ app/controllers/articles_controller.rb:25:in `create'
  [1m[36mArticle Create (0.6ms)[0m  [1m[32mINSERT INTO "articles" ("title", "text", "created_at", "updated_at") VALUES (?, ?, ?, ?)[0m  [["title", "first"], ["text", "first artical"], ["created_at", "2020-04-26 18:06:15.023814"], ["updated_at", "2020-04-26 18:06:15.023814"]]
  ↳ app/controllers/articles_controller.rb:25:in `create'
  [1m[35m (256.0ms)[0m  [1m[36mcommit transaction[0m
  ↳ app/controllers/articles_controller.rb:25:in `create'
Redirected to http://127.0.0.1:3000/articles/1
Completed 302 Found in 274ms (ActiveRecord: 256.7ms | Allocations: 3785)


Started GET "/articles/1" for 127.0.0.1 at 2020-04-26 20:06:15 +0200
Processing by ArticlesController#show as HTML
  Parameters: {"id"=>"1"}
  [1m[36mArticle Load (0.3ms)[0m  [1m[34mSELECT "articles".* FROM "articles" WHERE "articles"."id" = ? LIMIT ?[0m  [["id", 1], ["LIMIT", 1]]
  ↳ app/controllers/articles_controller.rb:10:in `show'
  Rendering articles/show.html.erb within layouts/application
  [1m[36mComment Load (0.2ms)[0m  [1m[34mSELECT "comments".* FROM "comments" WHERE "comments"."article_id" = ?[0m  [["article_id", 1]]
  ↳ app/views/articles/show.html.erb:13
  Rendered collection of templates [0 times] (Duration: 0.0ms | Allocations: 3)
  Rendered comments/_form.html.erb (Duration: 31.8ms | Allocations: 5415)
  Rendered articles/show.html.erb within layouts/application (Duration: 89.6ms | Allocations: 12144)
[Webpacker] Everything's up-to-date. Nothing to do
Completed 200 OK in 115ms (Views: 99.5ms | ActiveRecord: 1.5ms | Allocations: 18026)


Started POST "/articles/1/comments" for 127.0.0.1 at 2020-04-26 20:06:59 +0200
Processing by CommentsController#create as HTML
  Parameters: {"authenticity_token"=>"pJhVlCnpmkc0CW5/9qL/Y+a9b84y6RaN62SMLQgstyWKXasWr+QpcArwaM/CzlspJrNA+/sUPIDtKE0kEgIkdg==", "comment"=>{"commenter"=>"first commit to first artical", "body"=>"commit"}, "commit"=>"Create Comment", "article_id"=>"1"}
  [1m[36mArticle Load (0.2ms)[0m  [1m[34mSELECT "articles".* FROM "articles" WHERE "articles"."id" = ? LIMIT ?[0m  [["id", 1], ["LIMIT", 1]]
  ↳ app/controllers/comments_controller.rb:5:in `create'
  [1m[35m (0.1ms)[0m  [1m[36mbegin transaction[0m
  ↳ app/controllers/comments_controller.rb:6:in `create'
  [1m[36mComment Create (0.6ms)[0m  [1m[32mINSERT INTO "comments" ("commenter", "body", "article_id", "created_at", "updated_at") VALUES (?, ?, ?, ?, ?)[0m  [["commenter", "first commit to first artical"], ["body", "commit"], ["article_id", 1], ["created_at", "2020-04-26 18:06:59.120268"], ["updated_at", "2020-04-26 18:06:59.120268"]]
  ↳ app/controllers/comments_controller.rb:6:in `create'
  [1m[35m (136.8ms)[0m  [1m[36mcommit transaction[0m
  ↳ app/controllers/comments_controller.rb:6:in `create'
Redirected to http://127.0.0.1:3000/articles/1
Completed 302 Found in 158ms (ActiveRecord: 137.7ms | Allocations: 4510)


Started GET "/articles/1" for 127.0.0.1 at 2020-04-26 20:06:59 +0200
Processing by ArticlesController#show as HTML
  Parameters: {"id"=>"1"}
  [1m[36mArticle Load (0.2ms)[0m  [1m[34mSELECT "articles".* FROM "articles" WHERE "articles"."id" = ? LIMIT ?[0m  [["id", 1], ["LIMIT", 1]]
  ↳ app/controllers/articles_controller.rb:10:in `show'
  Rendering articles/show.html.erb within layouts/application
  [1m[36mComment Load (0.2ms)[0m  [1m[34mSELECT "comments".* FROM "comments" WHERE "comments"."article_id" = ?[0m  [["article_id", 1]]
  ↳ app/views/articles/show.html.erb:13
  Rendered collection of comments/_comment.html.erb [1 times] (Duration: 1.6ms | Allocations: 276)
  Rendered comments/_form.html.erb (Duration: 3.2ms | Allocations: 769)
  Rendered articles/show.html.erb within layouts/application (Duration: 10.3ms | Allocations: 2140)
[Webpacker] Everything's up-to-date. Nothing to do
Completed 200 OK in 20ms (Views: 17.5ms | ActiveRecord: 0.4ms | Allocations: 6032)


Started GET "/articles/1/edit" for 127.0.0.1 at 2020-04-26 20:07:07 +0200
Processing by ArticlesController#edit as HTML
  Parameters: {"id"=>"1"}
  [1m[36mArticle Load (0.2ms)[0m  [1m[34mSELECT "articles".* FROM "articles" WHERE "articles"."id" = ? LIMIT ?[0m  [["id", 1], ["LIMIT", 1]]
  ↳ app/controllers/articles_controller.rb:19:in `edit'
  Rendering articles/edit.html.erb within layouts/application
  Rendered articles/_form.html.erb (Duration: 5.0ms | Allocations: 751)
  Rendered articles/edit.html.erb within layouts/application (Duration: 6.4ms | Allocations: 937)
[Webpacker] Everything's up-to-date. Nothing to do
Completed 200 OK in 31ms (Views: 25.7ms | ActiveRecord: 0.2ms | Allocations: 5002)


Started PATCH "/articles/1" for 127.0.0.1 at 2020-04-26 20:07:12 +0200
Processing by ArticlesController#update as HTML
  Parameters: {"authenticity_token"=>"+uCbNleWQ5kysvvrG9EK1qYAWS19jIWNj9TKA5MdmNuzpivq3RGFGpNVhrpmoXBlNczX6RS5We3E3y5awSQC9g==", "article"=>{"title"=>"first", "text"=>"first artical"}, "commit"=>"Update Article", "id"=>"1"}
  [1m[36mArticle Load (0.2ms)[0m  [1m[34mSELECT "articles".* FROM "articles" WHERE "articles"."id" = ? LIMIT ?[0m  [["id", 1], ["LIMIT", 1]]
  ↳ app/controllers/articles_controller.rb:33:in `update'
Redirected to http://127.0.0.1:3000/articles/1
Completed 302 Found in 4ms (ActiveRecord: 0.2ms | Allocations: 1175)


Started GET "/articles/1" for 127.0.0.1 at 2020-04-26 20:07:12 +0200
Processing by ArticlesController#show as HTML
  Parameters: {"id"=>"1"}
  [1m[36mArticle Load (0.1ms)[0m  [1m[34mSELECT "articles".* FROM "articles" WHERE "articles"."id" = ? LIMIT ?[0m  [["id", 1], ["LIMIT", 1]]
  ↳ app/controllers/articles_controller.rb:10:in `show'
  Rendering articles/show.html.erb within layouts/application
  [1m[36mComment Load (0.1ms)[0m  [1m[34mSELECT "comments".* FROM "comments" WHERE "comments"."article_id" = ?[0m  [["article_id", 1]]
  ↳ app/views/articles/show.html.erb:13
  Rendered collection of comments/_comment.html.erb [1 times] (Duration: 0.6ms | Allocations: 118)
  Rendered comments/_form.html.erb (Duration: 2.3ms | Allocations: 767)
  Rendered articles/show.html.erb within layouts/application (Duration: 6.4ms | Allocations: 1810)
[Webpacker] Everything's up-to-date. Nothing to do
Completed 200 OK in 19ms (Views: 15.9ms | ActiveRecord: 0.3ms | Allocations: 5697)


Started GET "/articles" for 127.0.0.1 at 2020-04-26 20:07:15 +0200
Processing by ArticlesController#index as HTML
  Rendering articles/index.html.erb within layouts/application
  [1m[36mArticle Load (0.2ms)[0m  [1m[34mSELECT "articles".* FROM "articles"[0m
  ↳ app/views/articles/index.html.erb:10
  Rendered articles/index.html.erb within layouts/application (Duration: 4.6ms | Allocations: 696)
[Webpacker] Everything's up-to-date. Nothing to do
Completed 200 OK in 15ms (Views: 13.7ms | ActiveRecord: 0.2ms | Allocations: 4083)


Started GET "/articles/1" for 127.0.0.1 at 2020-04-26 20:07:19 +0200
Processing by ArticlesController#show as HTML
  Parameters: {"id"=>"1"}
  [1m[36mArticle Load (0.2ms)[0m  [1m[34mSELECT "articles".* FROM "articles" WHERE "articles"."id" = ? LIMIT ?[0m  [["id", 1], ["LIMIT", 1]]
  ↳ app/controllers/articles_controller.rb:10:in `show'
  Rendering articles/show.html.erb within layouts/application
  [1m[36mComment Load (0.3ms)[0m  [1m[34mSELECT "comments".* FROM "comments" WHERE "comments"."article_id" = ?[0m  [["article_id", 1]]
  ↳ app/views/articles/show.html.erb:13
  Rendered collection of comments/_comment.html.erb [1 times] (Duration: 0.7ms | Allocations: 115)
  Rendered comments/_form.html.erb (Duration: 3.4ms | Allocations: 766)
  Rendered articles/show.html.erb within layouts/application (Duration: 10.2ms | Allocations: 1805)
[Webpacker] Everything's up-to-date. Nothing to do
Completed 200 OK in 29ms (Views: 24.7ms | ActiveRecord: 0.5ms | Allocations: 5684)


Started GET "/articles/1" for 127.0.0.1 at 2020-04-26 20:10:33 +0200
  [1m[35m (0.5ms)[0m  [1m[34mSELECT sqlite_version(*)[0m
  [1m[35m (0.2ms)[0m  [1m[34mSELECT "schema_migrations"."version" FROM "schema_migrations" ORDER BY "schema_migrations"."version" ASC[0m
Processing by ArticlesController#show as HTML
  Parameters: {"id"=>"1"}
  [1m[36mArticle Load (0.3ms)[0m  [1m[34mSELECT "articles".* FROM "articles" WHERE "articles"."id" = ? LIMIT ?[0m  [["id", 1], ["LIMIT", 1]]
  ↳ app/controllers/articles_controller.rb:10:in `show'
  Rendering articles/show.html.erb within layouts/application
  [1m[36mComment Load (0.2ms)[0m  [1m[34mSELECT "comments".* FROM "comments" WHERE "comments"."article_id" = ?[0m  [["article_id", 1]]
  ↳ app/views/articles/show.html.erb:13
  Rendered collection of comments/_comment.html.erb [1 times] (Duration: 4.7ms | Allocations: 570)
  Rendered comments/_form.html.erb (Duration: 15.7ms | Allocations: 2614)
  Rendered articles/show.html.erb within layouts/application (Duration: 76.4ms | Allocations: 11360)
[Webpacker] Everything's up-to-date. Nothing to do
Completed 200 OK in 213ms (Views: 170.9ms | ActiveRecord: 2.2ms | Allocations: 37162)


Started GET "/" for 127.0.0.1 at 2020-04-26 20:48:50 +0200
  [1m[35m (1.5ms)[0m  [1m[34mSELECT sqlite_version(*)[0m
  [1m[35m (0.4ms)[0m  [1m[34mSELECT "schema_migrations"."version" FROM "schema_migrations" ORDER BY "schema_migrations"."version" ASC[0m
Processing by WelcomeController#index as HTML
  Rendering welcome/index.html.erb within layouts/application
  Rendered welcome/index.html.erb within layouts/application (Duration: 4.5ms | Allocations: 742)
[Webpacker] Everything's up-to-date. Nothing to do
Completed 200 OK in 141ms (Views: 121.1ms | ActiveRecord: 0.0ms | Allocations: 8433)


Started GET "/articles/new" for 127.0.0.1 at 2020-04-26 20:48:54 +0200
Processing by ArticlesController#new as HTML
  Rendering articles/new.html.erb within layouts/application
  Rendered articles/_form.html.erb (Duration: 6.1ms | Allocations: 2642)
  Rendered articles/new.html.erb within layouts/application (Duration: 7.4ms | Allocations: 2975)
[Webpacker] Everything's up-to-date. Nothing to do
Completed 200 OK in 255ms (Views: 31.2ms | ActiveRecord: 0.9ms | Allocations: 11271)


Started GET "/articles" for 127.0.0.1 at 2020-04-26 20:48:57 +0200
Processing by ArticlesController#index as HTML
  Rendering articles/index.html.erb within layouts/application
  [1m[36mArticle Load (0.3ms)[0m  [1m[34mSELECT "articles".* FROM "articles"[0m
  ↳ app/views/articles/index.html.erb:10
  Rendered articles/index.html.erb within layouts/application (Duration: 4.1ms | Allocations: 984)
[Webpacker] Everything's up-to-date. Nothing to do
Completed 200 OK in 17ms (Views: 14.8ms | ActiveRecord: 0.3ms | Allocations: 4758)


Started GET "/articles" for 127.0.0.1 at 2020-04-26 20:49:04 +0200
Processing by ArticlesController#index as HTML
  Rendering articles/index.html.erb within layouts/application
  [1m[36mArticle Load (0.2ms)[0m  [1m[34mSELECT "articles".* FROM "articles"[0m
  ↳ app/views/articles/index.html.erb:10
  Rendered articles/index.html.erb within layouts/application (Duration: 4.5ms | Allocations: 695)
[Webpacker] Everything's up-to-date. Nothing to do
Completed 200 OK in 19ms (Views: 17.4ms | ActiveRecord: 0.2ms | Allocations: 4308)


Started GET "/articles" for 127.0.0.1 at 2020-04-26 21:21:45 +0200
  [1m[35m (1.1ms)[0m  [1m[34mSELECT sqlite_version(*)[0m
  [1m[35m (0.2ms)[0m  [1m[34mSELECT "schema_migrations"."version" FROM "schema_migrations" ORDER BY "schema_migrations"."version" ASC[0m
Processing by ArticlesController#index as HTML
  Rendering articles/index.html.erb within layouts/application
  [1m[36mArticle Load (0.2ms)[0m  [1m[34mSELECT "articles".* FROM "articles"[0m
  ↳ app/views/articles/index.html.erb:10
  Rendered articles/index.html.erb within layouts/application (Duration: 31.2ms | Allocations: 3945)
[Webpacker] Everything's up-to-date. Nothing to do
Completed 200 OK in 97ms (Views: 79.0ms | ActiveRecord: 3.8ms | Allocations: 13125)


Started GET "/" for 127.0.0.1 at 2020-04-26 21:21:49 +0200
Processing by WelcomeController#index as HTML
  Rendering welcome/index.html.erb within layouts/application
  Rendered welcome/index.html.erb within layouts/application (Duration: 1.7ms | Allocations: 610)
[Webpacker] Everything's up-to-date. Nothing to do
Completed 200 OK in 15ms (Views: 13.2ms | ActiveRecord: 0.0ms | Allocations: 4808)


Started GET "/articles" for 127.0.0.1 at 2020-04-26 21:21:51 +0200
Processing by ArticlesController#index as HTML
  Rendering articles/index.html.erb within layouts/application
  [1m[36mArticle Load (0.2ms)[0m  [1m[34mSELECT "articles".* FROM "articles"[0m
  ↳ app/views/articles/index.html.erb:10
  Rendered articles/index.html.erb within layouts/application (Duration: 3.3ms | Allocations: 711)
[Webpacker] Everything's up-to-date. Nothing to do
Completed 200 OK in 16ms (Views: 14.3ms | ActiveRecord: 0.2ms | Allocations: 4321)


Started GET "/articles/new" for 127.0.0.1 at 2020-04-26 21:21:56 +0200
Processing by ArticlesController#new as HTML
  Rendering articles/new.html.erb within layouts/application
  Rendered articles/_form.html.erb (Duration: 54.6ms | Allocations: 4539)
  Rendered articles/new.html.erb within layouts/application (Duration: 57.2ms | Allocations: 4870)
[Webpacker] Everything's up-to-date. Nothing to do
Completed 200 OK in 70ms (Views: 67.4ms | ActiveRecord: 0.0ms | Allocations: 8566)


Started GET "/articles" for 127.0.0.1 at 2020-04-26 21:21:59 +0200
Processing by ArticlesController#index as HTML
  Rendering articles/index.html.erb within layouts/application
  [1m[36mArticle Load (0.2ms)[0m  [1m[34mSELECT "articles".* FROM "articles"[0m
  ↳ app/views/articles/index.html.erb:10
  Rendered articles/index.html.erb within layouts/application (Duration: 3.2ms | Allocations: 698)
[Webpacker] Everything's up-to-date. Nothing to do
Completed 200 OK in 15ms (Views: 13.6ms | ActiveRecord: 0.2ms | Allocations: 4311)


Started GET "/" for 127.0.0.1 at 2020-04-26 21:31:10 +0200
  [1m[35m (0.9ms)[0m  [1m[34mSELECT sqlite_version(*)[0m
  [1m[35m (0.2ms)[0m  [1m[34mSELECT "schema_migrations"."version" FROM "schema_migrations" ORDER BY "schema_migrations"."version" ASC[0m
Processing by WelcomeController#index as HTML
  Rendering welcome/index.html.erb within layouts/application
  Rendered welcome/index.html.erb within layouts/application (Duration: 4.5ms | Allocations: 742)
[Webpacker] Everything's up-to-date. Nothing to do
Completed 200 OK in 202ms (Views: 193.6ms | ActiveRecord: 0.0ms | Allocations: 22327)


Started GET "/" for 127.0.0.1 at 2020-04-26 21:31:55 +0200
Processing by WelcomeController#index as HTML
  Rendering welcome/index.html.erb within layouts/application
  Rendered welcome/index.html.erb within layouts/application (Duration: 1.3ms | Allocations: 117)
[Webpacker] Everything's up-to-date. Nothing to do
Completed 200 OK in 13ms (Views: 10.6ms | ActiveRecord: 0.0ms | Allocations: 3716)


Started GET "/articles/new" for 127.0.0.1 at 2020-04-26 21:31:57 +0200
Processing by ArticlesController#new as HTML
  Rendering articles/new.html.erb within layouts/application
  Rendered articles/_form.html.erb (Duration: 6.9ms | Allocations: 2689)
  Rendered articles/new.html.erb within layouts/application (Duration: 8.7ms | Allocations: 3023)
[Webpacker] Everything's up-to-date. Nothing to do
Completed 200 OK in 34ms (Views: 17.7ms | ActiveRecord: 0.9ms | Allocations: 11325)


Started GET "/articles" for 127.0.0.1 at 2020-04-26 21:32:00 +0200
Processing by ArticlesController#index as HTML
  Rendering articles/index.html.erb within layouts/application
  [1m[36mArticle Load (0.2ms)[0m  [1m[34mSELECT "articles".* FROM "articles"[0m
  ↳ app/views/articles/index.html.erb:10
  Rendered articles/index.html.erb within layouts/application (Duration: 4.0ms | Allocations: 984)
[Webpacker] Everything's up-to-date. Nothing to do
Completed 200 OK in 14ms (Views: 11.7ms | ActiveRecord: 0.2ms | Allocations: 4766)


Started DELETE "/articles/1" for 127.0.0.1 at 2020-04-26 21:32:05 +0200
Processing by ArticlesController#destroy as HTML
  Parameters: {"authenticity_token"=>"jJhY+p+quiLuY3rwrql9UTU3G3rbUJDRb2bKJkCMHyaiXaZ4GacJFdCafECaxdkb9Tk0TxKtutxpKgsvWqKMdQ==", "id"=>"1"}
  [1m[36mArticle Load (0.2ms)[0m  [1m[34mSELECT "articles".* FROM "articles" WHERE "articles"."id" = ? LIMIT ?[0m  [["id", 1], ["LIMIT", 1]]
  ↳ app/controllers/articles_controller.rb:43:in `destroy'
  [1m[35m (0.1ms)[0m  [1m[36mbegin transaction[0m
  ↳ app/controllers/articles_controller.rb:44:in `destroy'
  [1m[36mComment Load (0.3ms)[0m  [1m[34mSELECT "comments".* FROM "comments" WHERE "comments"."article_id" = ?[0m  [["article_id", 1]]
  ↳ app/controllers/articles_controller.rb:44:in `destroy'
  [1m[36mComment Destroy (0.8ms)[0m  [1m[31mDELETE FROM "comments" WHERE "comments"."id" = ?[0m  [["id", 1]]
  ↳ app/controllers/articles_controller.rb:44:in `destroy'
  [1m[36mArticle Destroy (0.3ms)[0m  [1m[31mDELETE FROM "articles" WHERE "articles"."id" = ?[0m  [["id", 1]]
  ↳ app/controllers/articles_controller.rb:44:in `destroy'
  [1m[35m (95.6ms)[0m  [1m[36mcommit transaction[0m
  ↳ app/controllers/articles_controller.rb:44:in `destroy'
Redirected to http://127.0.0.1:3000/articles
Completed 302 Found in 140ms (ActiveRecord: 98.2ms | Allocations: 12628)


Started GET "/articles" for 127.0.0.1 at 2020-04-26 21:32:05 +0200
Processing by ArticlesController#index as HTML
  Rendering articles/index.html.erb within layouts/application
  [1m[36mArticle Load (0.2ms)[0m  [1m[34mSELECT "articles".* FROM "articles"[0m
  ↳ app/views/articles/index.html.erb:10
  Rendered articles/index.html.erb within layouts/application (Duration: 2.7ms | Allocations: 581)
[Webpacker] Everything's up-to-date. Nothing to do
Completed 200 OK in 13ms (Views: 11.2ms | ActiveRecord: 0.2ms | Allocations: 4190)


Started GET "/articles" for 127.0.0.1 at 2020-04-26 21:43:38 +0200
  [1m[35m (0.2ms)[0m  [1m[34mSELECT sqlite_version(*)[0m
Processing by ArticlesController#index as HTML
  Rendering articles/index.html.erb within layouts/application
  [1m[36mArticle Load (0.3ms)[0m  [1m[34mSELECT "articles".* FROM "articles"[0m
  ↳ app/views/articles/index.html.erb:10
  Rendered articles/index.html.erb within layouts/application (Duration: 2.8ms | Allocations: 600)
[Webpacker] Everything's up-to-date. Nothing to do
Completed 200 OK in 15ms (Views: 13.2ms | ActiveRecord: 0.3ms | Allocations: 4211)


Started GET "/articles" for 127.0.0.1 at 2020-04-26 21:43:40 +0200
Processing by ArticlesController#index as HTML
  Rendering articles/index.html.erb within layouts/application
  [1m[36mArticle Load (0.2ms)[0m  [1m[34mSELECT "articles".* FROM "articles"[0m
  ↳ app/views/articles/index.html.erb:10
  Rendered articles/index.html.erb within layouts/application (Duration: 2.4ms | Allocations: 581)
[Webpacker] Everything's up-to-date. Nothing to do
Completed 200 OK in 12ms (Views: 10.1ms | ActiveRecord: 0.2ms | Allocations: 4195)


Started GET "/articles" for 127.0.0.1 at 2020-04-26 22:02:23 +0200
  [1m[35m (12.8ms)[0m  [1m[34mSELECT sqlite_version(*)[0m
  [1m[35m (12.7ms)[0m  [1m[34mSELECT "schema_migrations"."version" FROM "schema_migrations" ORDER BY "schema_migrations"."version" ASC[0m
  
ActiveRecord::PendingMigrationError (

Migrations are pending. To resolve this issue, run:

        rails db:migrate RAILS_ENV=development

):
  
activerecord (6.0.2.2) lib/active_record/migration.rb:587:in `check_pending!'
activerecord (6.0.2.2) lib/active_record/migration.rb:564:in `call'
actionpack (6.0.2.2) lib/action_dispatch/middleware/callbacks.rb:27:in `block in call'
activesupport (6.0.2.2) lib/active_support/callbacks.rb:101:in `run_callbacks'
actionpack (6.0.2.2) lib/action_dispatch/middleware/callbacks.rb:26:in `call'
actionpack (6.0.2.2) lib/action_dispatch/middleware/executor.rb:14:in `call'
actionpack (6.0.2.2) lib/action_dispatch/middleware/actionable_exceptions.rb:17:in `call'
actionpack (6.0.2.2) lib/action_dispatch/middleware/debug_exceptions.rb:32:in `call'
web-console (4.0.1) lib/web_console/middleware.rb:132:in `call_app'
web-console (4.0.1) lib/web_console/middleware.rb:28:in `block in call'
web-console (4.0.1) lib/web_console/middleware.rb:17:in `catch'
web-console (4.0.1) lib/web_console/middleware.rb:17:in `call'
actionpack (6.0.2.2) lib/action_dispatch/middleware/show_exceptions.rb:33:in `call'
railties (6.0.2.2) lib/rails/rack/logger.rb:38:in `call_app'
railties (6.0.2.2) lib/rails/rack/logger.rb:26:in `block in call'
activesupport (6.0.2.2) lib/active_support/tagged_logging.rb:80:in `block in tagged'
activesupport (6.0.2.2) lib/active_support/tagged_logging.rb:28:in `tagged'
activesupport (6.0.2.2) lib/active_support/tagged_logging.rb:80:in `tagged'
railties (6.0.2.2) lib/rails/rack/logger.rb:26:in `call'
sprockets-rails (3.2.1) lib/sprockets/rails/quiet_assets.rb:13:in `call'
actionpack (6.0.2.2) lib/action_dispatch/middleware/remote_ip.rb:81:in `call'
actionpack (6.0.2.2) lib/action_dispatch/middleware/request_id.rb:27:in `call'
rack (2.2.2) lib/rack/method_override.rb:24:in `call'
rack (2.2.2) lib/rack/runtime.rb:22:in `call'
activesupport (6.0.2.2) lib/active_support/cache/strategy/local_cache_middleware.rb:29:in `call'
actionpack (6.0.2.2) lib/action_dispatch/middleware/executor.rb:14:in `call'
actionpack (6.0.2.2) lib/action_dispatch/middleware/static.rb:126:in `call'
rack (2.2.2) lib/rack/sendfile.rb:110:in `call'
actionpack (6.0.2.2) lib/action_dispatch/middleware/host_authorization.rb:83:in `call'
webpacker (4.2.2) lib/webpacker/dev_server_proxy.rb:23:in `perform_request'
rack-proxy (0.6.5) lib/rack/proxy.rb:57:in `call'
railties (6.0.2.2) lib/rails/engine.rb:526:in `call'
puma (4.3.3) lib/puma/configuration.rb:228:in `call'
puma (4.3.3) lib/puma/server.rb:682:in `handle_request'
puma (4.3.3) lib/puma/server.rb:472:in `process_client'
puma (4.3.3) lib/puma/server.rb:328:in `block in run'
puma (4.3.3) lib/puma/thread_pool.rb:134:in `block in spawn_thread'
Started GET "/" for 127.0.0.1 at 2020-04-26 22:02:29 +0200
  [1m[35m (0.2ms)[0m  [1m[34mSELECT "schema_migrations"."version" FROM "schema_migrations" ORDER BY "schema_migrations"."version" ASC[0m
  
ActiveRecord::PendingMigrationError (

Migrations are pending. To resolve this issue, run:

        rails db:migrate RAILS_ENV=development

):
  
activerecord (6.0.2.2) lib/active_record/migration.rb:587:in `check_pending!'
activerecord (6.0.2.2) lib/active_record/migration.rb:564:in `call'
actionpack (6.0.2.2) lib/action_dispatch/middleware/callbacks.rb:27:in `block in call'
activesupport (6.0.2.2) lib/active_support/callbacks.rb:101:in `run_callbacks'
actionpack (6.0.2.2) lib/action_dispatch/middleware/callbacks.rb:26:in `call'
actionpack (6.0.2.2) lib/action_dispatch/middleware/executor.rb:14:in `call'
actionpack (6.0.2.2) lib/action_dispatch/middleware/actionable_exceptions.rb:17:in `call'
actionpack (6.0.2.2) lib/action_dispatch/middleware/debug_exceptions.rb:32:in `call'
web-console (4.0.1) lib/web_console/middleware.rb:132:in `call_app'
web-console (4.0.1) lib/web_console/middleware.rb:28:in `block in call'
web-console (4.0.1) lib/web_console/middleware.rb:17:in `catch'
web-console (4.0.1) lib/web_console/middleware.rb:17:in `call'
actionpack (6.0.2.2) lib/action_dispatch/middleware/show_exceptions.rb:33:in `call'
railties (6.0.2.2) lib/rails/rack/logger.rb:38:in `call_app'
railties (6.0.2.2) lib/rails/rack/logger.rb:26:in `block in call'
activesupport (6.0.2.2) lib/active_support/tagged_logging.rb:80:in `block in tagged'
activesupport (6.0.2.2) lib/active_support/tagged_logging.rb:28:in `tagged'
activesupport (6.0.2.2) lib/active_support/tagged_logging.rb:80:in `tagged'
railties (6.0.2.2) lib/rails/rack/logger.rb:26:in `call'
sprockets-rails (3.2.1) lib/sprockets/rails/quiet_assets.rb:13:in `call'
actionpack (6.0.2.2) lib/action_dispatch/middleware/remote_ip.rb:81:in `call'
actionpack (6.0.2.2) lib/action_dispatch/middleware/request_id.rb:27:in `call'
rack (2.2.2) lib/rack/method_override.rb:24:in `call'
rack (2.2.2) lib/rack/runtime.rb:22:in `call'
activesupport (6.0.2.2) lib/active_support/cache/strategy/local_cache_middleware.rb:29:in `call'
actionpack (6.0.2.2) lib/action_dispatch/middleware/executor.rb:14:in `call'
actionpack (6.0.2.2) lib/action_dispatch/middleware/static.rb:126:in `call'
rack (2.2.2) lib/rack/sendfile.rb:110:in `call'
actionpack (6.0.2.2) lib/action_dispatch/middleware/host_authorization.rb:83:in `call'
webpacker (4.2.2) lib/webpacker/dev_server_proxy.rb:23:in `perform_request'
rack-proxy (0.6.5) lib/rack/proxy.rb:57:in `call'
railties (6.0.2.2) lib/rails/engine.rb:526:in `call'
puma (4.3.3) lib/puma/configuration.rb:228:in `call'
puma (4.3.3) lib/puma/server.rb:682:in `handle_request'
puma (4.3.3) lib/puma/server.rb:472:in `process_client'
puma (4.3.3) lib/puma/server.rb:328:in `block in run'
puma (4.3.3) lib/puma/thread_pool.rb:134:in `block in spawn_thread'
Started GET "/" for 127.0.0.1 at 2020-04-26 22:02:31 +0200
  [1m[35m (0.3ms)[0m  [1m[34mSELECT "schema_migrations"."version" FROM "schema_migrations" ORDER BY "schema_migrations"."version" ASC[0m
  
ActiveRecord::PendingMigrationError (

Migrations are pending. To resolve this issue, run:

        rails db:migrate RAILS_ENV=development

):
  
activerecord (6.0.2.2) lib/active_record/migration.rb:587:in `check_pending!'
activerecord (6.0.2.2) lib/active_record/migration.rb:564:in `call'
actionpack (6.0.2.2) lib/action_dispatch/middleware/callbacks.rb:27:in `block in call'
activesupport (6.0.2.2) lib/active_support/callbacks.rb:101:in `run_callbacks'
actionpack (6.0.2.2) lib/action_dispatch/middleware/callbacks.rb:26:in `call'
actionpack (6.0.2.2) lib/action_dispatch/middleware/executor.rb:14:in `call'
actionpack (6.0.2.2) lib/action_dispatch/middleware/actionable_exceptions.rb:17:in `call'
actionpack (6.0.2.2) lib/action_dispatch/middleware/debug_exceptions.rb:32:in `call'
web-console (4.0.1) lib/web_console/middleware.rb:132:in `call_app'
web-console (4.0.1) lib/web_console/middleware.rb:28:in `block in call'
web-console (4.0.1) lib/web_console/middleware.rb:17:in `catch'
web-console (4.0.1) lib/web_console/middleware.rb:17:in `call'
actionpack (6.0.2.2) lib/action_dispatch/middleware/show_exceptions.rb:33:in `call'
railties (6.0.2.2) lib/rails/rack/logger.rb:38:in `call_app'
railties (6.0.2.2) lib/rails/rack/logger.rb:26:in `block in call'
activesupport (6.0.2.2) lib/active_support/tagged_logging.rb:80:in `block in tagged'
activesupport (6.0.2.2) lib/active_support/tagged_logging.rb:28:in `tagged'
activesupport (6.0.2.2) lib/active_support/tagged_logging.rb:80:in `tagged'
railties (6.0.2.2) lib/rails/rack/logger.rb:26:in `call'
sprockets-rails (3.2.1) lib/sprockets/rails/quiet_assets.rb:13:in `call'
actionpack (6.0.2.2) lib/action_dispatch/middleware/remote_ip.rb:81:in `call'
actionpack (6.0.2.2) lib/action_dispatch/middleware/request_id.rb:27:in `call'
rack (2.2.2) lib/rack/method_override.rb:24:in `call'
rack (2.2.2) lib/rack/runtime.rb:22:in `call'
activesupport (6.0.2.2) lib/active_support/cache/strategy/local_cache_middleware.rb:29:in `call'
actionpack (6.0.2.2) lib/action_dispatch/middleware/executor.rb:14:in `call'
actionpack (6.0.2.2) lib/action_dispatch/middleware/static.rb:126:in `call'
rack (2.2.2) lib/rack/sendfile.rb:110:in `call'
actionpack (6.0.2.2) lib/action_dispatch/middleware/host_authorization.rb:83:in `call'
webpacker (4.2.2) lib/webpacker/dev_server_proxy.rb:23:in `perform_request'
rack-proxy (0.6.5) lib/rack/proxy.rb:57:in `call'
railties (6.0.2.2) lib/rails/engine.rb:526:in `call'
puma (4.3.3) lib/puma/configuration.rb:228:in `call'
puma (4.3.3) lib/puma/server.rb:682:in `handle_request'
puma (4.3.3) lib/puma/server.rb:472:in `process_client'
puma (4.3.3) lib/puma/server.rb:328:in `block in run'
puma (4.3.3) lib/puma/thread_pool.rb:134:in `block in spawn_thread'
  [1m[35m (0.6ms)[0m  [1m[34mSELECT sqlite_version(*)[0m
  [1m[35m (0.4ms)[0m  [1m[34mSELECT "schema_migrations"."version" FROM "schema_migrations" ORDER BY "schema_migrations"."version" ASC[0m
Migrating to DeviseCreateUsers (20200426195500)
  [1m[35m (0.1ms)[0m  [1m[36mbegin transaction[0m
  [1m[35m (0.8ms)[0m  [1m[35mCREATE TABLE "users" ("id" integer PRIMARY KEY AUTOINCREMENT NOT NULL, "email" varchar DEFAULT '' NOT NULL, "encrypted_password" varchar DEFAULT '' NOT NULL, "reset_password_token" varchar, "reset_password_sent_at" datetime, "remember_created_at" datetime, "created_at" datetime(6) NOT NULL, "updated_at" datetime(6) NOT NULL)[0m
  [1m[35m (0.4ms)[0m  [1m[35mCREATE UNIQUE INDEX "index_users_on_email" ON "users" ("email")[0m
  [1m[35m (0.3ms)[0m  [1m[35mCREATE UNIQUE INDEX "index_users_on_reset_password_token" ON "users" ("reset_password_token")[0m
  [1m[36mprimary::SchemaMigration Create (16.0ms)[0m  [1m[32mINSERT INTO "schema_migrations" ("version") VALUES (?)[0m  [["version", "20200426195500"]]
  [1m[35m (80.8ms)[0m  [1m[36mcommit transaction[0m
  [1m[36mActiveRecord::InternalMetadata Load (0.5ms)[0m  [1m[34mSELECT "ar_internal_metadata".* FROM "ar_internal_metadata" WHERE "ar_internal_metadata"."key" = ? LIMIT ?[0m  [["key", "environment"], ["LIMIT", 1]]
  [1m[35m (0.1ms)[0m  [1m[34mSELECT sqlite_version(*)[0m
  [1m[35m (0.2ms)[0m  [1m[34mSELECT "schema_migrations"."version" FROM "schema_migrations" ORDER BY "schema_migrations"."version" ASC[0m
Started GET "/" for 127.0.0.1 at 2020-04-26 22:03:20 +0200
  [1m[35m (0.8ms)[0m  [1m[34mSELECT sqlite_version(*)[0m
  [1m[35m (0.6ms)[0m  [1m[34mSELECT "schema_migrations"."version" FROM "schema_migrations" ORDER BY "schema_migrations"."version" ASC[0m
Processing by PagesController#home as HTML
  Rendering pages/home.html.erb within layouts/application
  Rendered pages/home.html.erb within layouts/application (Duration: 1.6ms | Allocations: 236)
[Webpacker] Everything's up-to-date. Nothing to do
  Rendered layouts/_alerts.html.erb (Duration: 0.5ms | Allocations: 130)
Completed 200 OK in 207ms (Views: 197.9ms | ActiveRecord: 0.0ms | Allocations: 25056)


